

================================================================
== Vivado HLS Report for 'window_entry701'
================================================================
* Date:           Thu Feb 11 12:00:41 2021

* Version:        2019.2.1 (Build 2724168 on Thu Dec 05 05:19:09 MST 2019)
* Project:        window_prj
* Solution:       solution1
* Product family: virtexuplus
* Target device:  xcu250-figd2104-2L-e


================================================================
== Performance Estimates
================================================================
+ Timing: 
    * Summary: 
    +--------+---------+----------+------------+
    |  Clock |  Target | Estimated| Uncertainty|
    +--------+---------+----------+------------+
    |ap_clk  | 5.00 ns | 2.916 ns |   0.62 ns  |
    +--------+---------+----------+------------+

+ Latency: 
    * Summary: 
    +---------+---------+----------+----------+-----+-----+---------+
    |  Latency (cycles) |  Latency (absolute) |  Interval | Pipeline|
    |   min   |   max   |    min   |    max   | min | max |   Type  |
    +---------+---------+----------+----------+-----+-----+---------+
    |        0|        0|   0 ns   |   0 ns   |    0|    0|   none  |
    +---------+---------+----------+----------+-----+-----+---------+

    + Detail: 
        * Instance: 
        N/A

        * Loop: 
        N/A



================================================================
== Utilization Estimates
================================================================
* Summary: 
+---------------------+---------+-------+---------+---------+------+
|         Name        | BRAM_18K| DSP48E|    FF   |   LUT   | URAM |
+---------------------+---------+-------+---------+---------+------+
|DSP                  |        -|      -|        -|        -|     -|
|Expression           |        -|      -|        0|        2|     -|
|FIFO                 |        -|      -|        -|        -|     -|
|Instance             |        -|      -|        -|        -|     -|
|Memory               |        -|      -|        -|        -|     -|
|Multiplexer          |        -|      -|        -|       36|     -|
|Register             |        -|      -|        3|        -|     -|
+---------------------+---------+-------+---------+---------+------+
|Total                |        0|      0|        3|       38|     0|
+---------------------+---------+-------+---------+---------+------+
|Available SLR        |     1344|   3072|   864000|   432000|   320|
+---------------------+---------+-------+---------+---------+------+
|Utilization SLR (%)  |        0|      0|    ~0   |    ~0   |     0|
+---------------------+---------+-------+---------+---------+------+
|Available            |     5376|  12288|  3456000|  1728000|  1280|
+---------------------+---------+-------+---------+---------+------+
|Utilization (%)      |        0|      0|    ~0   |    ~0   |     0|
+---------------------+---------+-------+---------+---------+------+

+ Detail: 
    * Instance: 
    N/A

    * DSP48E: 
    N/A

    * Memory: 
    N/A

    * FIFO: 
    N/A

    * Expression: 
    +-----------------+----------+-------+---+----+------------+------------+
    |  Variable Name  | Operation| DSP48E| FF| LUT| Bitwidth P0| Bitwidth P1|
    +-----------------+----------+-------+---+----+------------+------------+
    |ap_block_state1  |    or    |      0|  0|   2|           1|           1|
    +-----------------+----------+-------+---+----+------------+------------+
    |Total            |          |      0|  0|   2|           1|           1|
    +-----------------+----------+-------+---+----+------------+------------+

    * Multiplexer: 
    +----------------+----+-----------+-----+-----------+
    |      Name      | LUT| Input Size| Bits| Total Bits|
    +----------------+----+-----------+-----+-----------+
    |ap_done         |   9|          2|    1|          2|
    |digi_blk_n      |   9|          2|    1|          2|
    |digi_out_blk_n  |   9|          2|    1|          2|
    |real_start      |   9|          2|    1|          2|
    +----------------+----+-----------+-----+-----------+
    |Total           |  36|          8|    4|          8|
    +----------------+----+-----------+-----+-----------+

    * Register: 
    +----------------+---+----+-----+-----------+
    |      Name      | FF| LUT| Bits| Const Bits|
    +----------------+---+----+-----+-----------+
    |ap_CS_fsm       |  1|   0|    1|          0|
    |ap_done_reg     |  1|   0|    1|          0|
    |start_once_reg  |  1|   0|    1|          0|
    +----------------+---+----+-----+-----------+
    |Total           |  3|   0|    3|          0|
    +----------------+---+----+-----+-----------+



================================================================
== Interface
================================================================
* Summary: 
+-----------------+-----+-------+------------+-----------------+--------------+
|    RTL Ports    | Dir |  Bits |  Protocol  |  Source Object  |    C Type    |
+-----------------+-----+-------+------------+-----------------+--------------+
|ap_clk           |  in |      1| ap_ctrl_hs | window.entry701 | return value |
|ap_rst           |  in |      1| ap_ctrl_hs | window.entry701 | return value |
|ap_start         |  in |      1| ap_ctrl_hs | window.entry701 | return value |
|start_full_n     |  in |      1| ap_ctrl_hs | window.entry701 | return value |
|ap_done          | out |      1| ap_ctrl_hs | window.entry701 | return value |
|ap_continue      |  in |      1| ap_ctrl_hs | window.entry701 | return value |
|ap_idle          | out |      1| ap_ctrl_hs | window.entry701 | return value |
|ap_ready         | out |      1| ap_ctrl_hs | window.entry701 | return value |
|start_out        | out |      1| ap_ctrl_hs | window.entry701 | return value |
|start_write      | out |      1| ap_ctrl_hs | window.entry701 | return value |
|digi_dout        |  in |  18432|   ap_fifo  |       digi      |    pointer   |
|digi_empty_n     |  in |      1|   ap_fifo  |       digi      |    pointer   |
|digi_read        | out |      1|   ap_fifo  |       digi      |    pointer   |
|digi_out_din     | out |  18432|   ap_fifo  |     digi_out    |    pointer   |
|digi_out_full_n  |  in |      1|   ap_fifo  |     digi_out    |    pointer   |
|digi_out_write   | out |      1|   ap_fifo  |     digi_out    |    pointer   |
+-----------------+-----+-------+------------+-----------------+--------------+

============================================================
+ Verbose Summary: Synthesis Manager
============================================================
InlineROM: 1
ExposeGlobal: 0
============================================================
+ Verbose Summary: CDFG Model
============================================================
IsTopModel: 0
ResetActiveHigh: 1
IsCombinational: 2
IsDatapathOnly: 0
HasWiredReturn: 1
HasMFsm: 0
HasVarLatency: 0
IsPipeline: 0
IsRtlPipelined: 0
IsInstanceOverlapped: 0
IsDontTouch: 0
HasImplIP: 0
IsGatedGlobalClock: 0


============================================================
+ Verbose Summary: Schedule
============================================================
* Number of FSM states : 1
* Pipeline : 0
* Dataflow Pipeline: 0

* FSM state transitions: 
1 --> 

* FSM state operations: 

State 1 <SV = 0> <Delay = 2.91>
ST_1 : Operation 2 [1/1] (0.00ns)   --->   "call void (...)* @_ssdm_op_SpecInterface(i18432* %digi_out, [8 x i8]* @ap_fifo_str, i32 0, i32 0, [1 x i8]* @p_str703, i32 0, i32 0, [1 x i8]* @p_str704, [1 x i8]* @p_str705, [1 x i8]* @p_str706, i32 2, i32 2, i32 16, i32 16, [1 x i8]* @p_str707, [11 x i8]* @ScalarProp_str)"   --->   Operation 2 'specinterface' <Predicate = true> <Delay = 0.00>
ST_1 : Operation 3 [1/1] (0.00ns)   --->   "call void (...)* @_ssdm_op_SpecInterface(i18432* %digi, [8 x i8]* @ap_fifo_str, i32 0, i32 0, [1 x i8]* @p_str22, i32 0, i32 0, [1 x i8]* @p_str23, [1 x i8]* @p_str24, [1 x i8]* @p_str25, i32 2, i32 2, i32 16, i32 16, [1 x i8]* @p_str26, [11 x i8]* @ScalarProp_str)"   --->   Operation 3 'specinterface' <Predicate = true> <Delay = 0.00>
ST_1 : Operation 4 [1/1] (1.45ns)   --->   "%digi_read = call i18432 @_ssdm_op_Read.ap_fifo.i18432P(i18432* %digi)"   --->   Operation 4 'read' 'digi_read' <Predicate = true> <Delay = 1.45> <Core = "FIFO_SRL">   --->   Core 36 'FIFO_SRL' <Latency = 0> <II = 1> <Delay = 1.45> <Storage> <Opcode : 'read' 'write' 'nbread' 'nbwrite'> <Ports = 0> <Width = 18432> <Depth = 2> <FIFO>
ST_1 : Operation 5 [1/1] (0.00ns)   --->   "call void (...)* @_ssdm_op_SpecInterface(i18432* %digi_out, [8 x i8]* @ap_fifo_str, i32 0, i32 0, [1 x i8]* @p_str703, i32 0, i32 0, [1 x i8]* @p_str704, [1 x i8]* @p_str705, [1 x i8]* @p_str706, i32 2, i32 2, i32 16, i32 16, [1 x i8]* @p_str707, [11 x i8]* @ScalarProp_str)"   --->   Operation 5 'specinterface' <Predicate = true> <Delay = 0.00>
ST_1 : Operation 6 [1/1] (1.45ns)   --->   "call void @_ssdm_op_Write.ap_fifo.i18432P(i18432* %digi_out, i18432 %digi_read)" [firmware/window.cpp:35->firmware/window.cpp:25]   --->   Operation 6 'write' <Predicate = true> <Delay = 1.45> <Core = "FIFO_SRL">   --->   Core 36 'FIFO_SRL' <Latency = 0> <II = 1> <Delay = 1.45> <Storage> <Opcode : 'read' 'write' 'nbread' 'nbwrite'> <Ports = 0> <Width = 18432> <Depth = 2> <FIFO>
ST_1 : Operation 7 [1/1] (0.00ns)   --->   "ret void" [firmware/window.cpp:25]   --->   Operation 7 'ret' <Predicate = true> <Delay = 0.00>


============================================================
+ Verbose Summary: Binding
============================================================
STG Binding: 
---------------- STG Properties BEGIN ----------------
- Is combinational: 0
- Is one-state seq: 1
- Is datapath-only: 0
- Is pipelined: 0
- Is top level: 0
Port [ Return ] is wired: 1; IO mode=ap_ctrl_hs:ce=0
Port [ digi]:  wired=1; compound=1; hidden=0; nouse=0; global=0; static=0; extern=0; dir=0; type=3; pingpong=0; private_global=0; IO mode=ap_fifo:ce=0
Port [ digi_out]:  wired=1; compound=1; hidden=0; nouse=0; global=0; static=0; extern=0; dir=1; type=3; pingpong=0; private_global=0; IO mode=ap_fifo:ce=0
---------------- STG Properties END ------------------

---------------- Datapath Model BEGIN ----------------

<LifeTime>
<method=bitvector/>
specinterface_ln0 (specinterface) [ 00]
specinterface_ln0 (specinterface) [ 00]
digi_read         (read         ) [ 00]
specinterface_ln0 (specinterface) [ 00]
write_ln35        (write        ) [ 00]
ret_ln25          (ret          ) [ 00]
</LifeTime>

<model>

<comp_list>
<comp id="0" class="1000" name="digi">
<pin_list>
<pin id="1" dir="1" index="0" bw="1" slack="0"/>
</pin_list>
<bind>
<StgValue><ssdm name="digi"/></StgValue>
</bind>
</comp>

<comp id="2" class="1000" name="digi_out">
<pin_list>
<pin id="3" dir="1" index="0" bw="1" slack="0"/>
</pin_list>
<bind>
<StgValue><ssdm name="digi_out"/></StgValue>
</bind>
</comp>

<comp id="4" class="1001" name="const_4">
<pin_list>
<pin id="5" dir="1" index="0" bw="1" slack="2147483647"/>
</pin_list>
<bind>
<StgValue><ssdm name="_ssdm_op_SpecInterface"/></StgValue>
</bind>
</comp>

<comp id="6" class="1001" name="const_6">
<pin_list>
<pin id="7" dir="1" index="0" bw="1" slack="2147483647"/>
</pin_list>
<bind>
<StgValue><ssdm name="ap_fifo_str"/></StgValue>
</bind>
</comp>

<comp id="8" class="1001" name="const_8">
<pin_list>
<pin id="9" dir="1" index="0" bw="1" slack="2147483647"/>
</pin_list>
<bind>
<StgValue><ssdm name=""/></StgValue>
</bind>
</comp>

<comp id="10" class="1001" name="const_10">
<pin_list>
<pin id="11" dir="1" index="0" bw="1" slack="2147483647"/>
</pin_list>
<bind>
<StgValue><ssdm name="p_str703"/></StgValue>
</bind>
</comp>

<comp id="12" class="1001" name="const_12">
<pin_list>
<pin id="13" dir="1" index="0" bw="1" slack="2147483647"/>
</pin_list>
<bind>
<StgValue><ssdm name="p_str704"/></StgValue>
</bind>
</comp>

<comp id="14" class="1001" name="const_14">
<pin_list>
<pin id="15" dir="1" index="0" bw="1" slack="2147483647"/>
</pin_list>
<bind>
<StgValue><ssdm name="p_str705"/></StgValue>
</bind>
</comp>

<comp id="16" class="1001" name="const_16">
<pin_list>
<pin id="17" dir="1" index="0" bw="1" slack="2147483647"/>
</pin_list>
<bind>
<StgValue><ssdm name="p_str706"/></StgValue>
</bind>
</comp>

<comp id="18" class="1001" name="const_18">
<pin_list>
<pin id="19" dir="1" index="0" bw="1" slack="2147483647"/>
</pin_list>
<bind>
<StgValue><ssdm name=""/></StgValue>
</bind>
</comp>

<comp id="20" class="1001" name="const_20">
<pin_list>
<pin id="21" dir="1" index="0" bw="1" slack="2147483647"/>
</pin_list>
<bind>
<StgValue><ssdm name=""/></StgValue>
</bind>
</comp>

<comp id="22" class="1001" name="const_22">
<pin_list>
<pin id="23" dir="1" index="0" bw="1" slack="2147483647"/>
</pin_list>
<bind>
<StgValue><ssdm name="p_str707"/></StgValue>
</bind>
</comp>

<comp id="24" class="1001" name="const_24">
<pin_list>
<pin id="25" dir="1" index="0" bw="1" slack="2147483647"/>
</pin_list>
<bind>
<StgValue><ssdm name="ScalarProp_str"/></StgValue>
</bind>
</comp>

<comp id="26" class="1001" name="const_26">
<pin_list>
<pin id="27" dir="1" index="0" bw="1" slack="2147483647"/>
</pin_list>
<bind>
<StgValue><ssdm name="p_str22"/></StgValue>
</bind>
</comp>

<comp id="28" class="1001" name="const_28">
<pin_list>
<pin id="29" dir="1" index="0" bw="1" slack="2147483647"/>
</pin_list>
<bind>
<StgValue><ssdm name="p_str23"/></StgValue>
</bind>
</comp>

<comp id="30" class="1001" name="const_30">
<pin_list>
<pin id="31" dir="1" index="0" bw="1" slack="2147483647"/>
</pin_list>
<bind>
<StgValue><ssdm name="p_str24"/></StgValue>
</bind>
</comp>

<comp id="32" class="1001" name="const_32">
<pin_list>
<pin id="33" dir="1" index="0" bw="1" slack="2147483647"/>
</pin_list>
<bind>
<StgValue><ssdm name="p_str25"/></StgValue>
</bind>
</comp>

<comp id="34" class="1001" name="const_34">
<pin_list>
<pin id="35" dir="1" index="0" bw="1" slack="2147483647"/>
</pin_list>
<bind>
<StgValue><ssdm name="p_str26"/></StgValue>
</bind>
</comp>

<comp id="36" class="1001" name="const_36">
<pin_list>
<pin id="37" dir="1" index="0" bw="1" slack="0"/>
</pin_list>
<bind>
<StgValue><ssdm name="_ssdm_op_Read.ap_fifo.i18432P"/></StgValue>
</bind>
</comp>

<comp id="38" class="1001" name="const_38">
<pin_list>
<pin id="39" dir="1" index="0" bw="1" slack="0"/>
</pin_list>
<bind>
<StgValue><ssdm name="_ssdm_op_Write.ap_fifo.i18432P"/></StgValue>
</bind>
</comp>

<comp id="40" class="1004" name="digi_read_read_fu_40">
<pin_list>
<pin id="41" dir="0" index="0" bw="18432" slack="0"/>
<pin id="42" dir="0" index="1" bw="18432" slack="0"/>
<pin id="43" dir="1" index="2" bw="18432" slack="0"/>
</pin_list>
<bind>
<opcode="read(1150) " fcode="read"/>
<opset="digi_read/1 "/>
</bind>
</comp>

<comp id="46" class="1004" name="write_ln35_write_fu_46">
<pin_list>
<pin id="47" dir="0" index="0" bw="0" slack="0"/>
<pin id="48" dir="0" index="1" bw="18432" slack="0"/>
<pin id="49" dir="0" index="2" bw="18432" slack="0"/>
<pin id="50" dir="1" index="3" bw="0" slack="2147483647"/>
</pin_list>
<bind>
<opcode="write(1151) " fcode="write"/>
<opset="write_ln35/1 "/>
</bind>
</comp>

</comp_list>

<net_list>
<net id="44"><net_src comp="36" pin="0"/><net_sink comp="40" pin=0"/></net>

<net id="45"><net_src comp="0" pin="0"/><net_sink comp="40" pin=1"/></net>

<net id="51"><net_src comp="38" pin="0"/><net_sink comp="46" pin=0"/></net>

<net id="52"><net_src comp="2" pin="0"/><net_sink comp="46" pin=1"/></net>

<net id="53"><net_src comp="40" pin="2"/><net_sink comp="46" pin=2"/></net>

</net_list>

</model> 
---------------- Datapath Model END ------------------

* FSMD analyzer results:
  - Output states:
	Port: digi_out | {1 }
 - Input state : 
	Port: window.entry701 : digi | {1 }
	Port: window.entry701 : digi_out | {}
  - Chain level:
	State 1


============================================================
+ Verbose Summary: Datapath Resource usage 
============================================================

* Functional unit list:
|----------|------------------------|
| Operation|     Functional Unit    |
|----------|------------------------|
|   read   |  digi_read_read_fu_40  |
|----------|------------------------|
|   write  | write_ln35_write_fu_46 |
|----------|------------------------|
|   Total  |                        |
|----------|------------------------|

Memories:
N/A

* Register list:
N/A

* Multiplexer (MUX) list: 
|--------|------|------|------|--------|
|  Comp  |  Pin | Size |  BW  | S x BW |
|--------|------|------|------|--------|
|  Total |      |      |      |    0   |
|--------|------|------|------|--------|



* Summary:
+-----------+
|           |
+-----------+
|  Function |
|   Memory  |
|Multiplexer|
|  Register |
+-----------+
|   Total   |
+-----------+
