

================================================================
== Vivado HLS Report for 'relu'
================================================================
* Date:           Sun Feb 14 15:00:03 2021

* Version:        2019.2.1 (Build 2724168 on Thu Dec 05 05:19:09 MST 2019)
* Project:        window_prj
* Solution:       solution1
* Product family: virtexuplus
* Target device:  xcu250-figd2104-2L-e


================================================================
== Performance Estimates
================================================================
+ Timing: 
    * Summary: 
    +--------+---------+----------+------------+
    |  Clock |  Target | Estimated| Uncertainty|
    +--------+---------+----------+------------+
    |ap_clk  | 5.00 ns | 0.929 ns |   0.62 ns  |
    +--------+---------+----------+------------+

+ Latency: 
    * Summary: 
    +---------+---------+----------+----------+-----+-----+----------+
    |  Latency (cycles) |  Latency (absolute) |  Interval | Pipeline |
    |   min   |   max   |    min   |    max   | min | max |   Type   |
    +---------+---------+----------+----------+-----+-----+----------+
    |        0|        0|   0 ns   |   0 ns   |    1|    1| function |
    +---------+---------+----------+----------+-----+-----+----------+

    + Detail: 
        * Instance: 
        N/A

        * Loop: 
        N/A



================================================================
== Utilization Estimates
================================================================
* Summary: 
+---------------------+---------+-------+---------+---------+------+
|         Name        | BRAM_18K| DSP48E|    FF   |   LUT   | URAM |
+---------------------+---------+-------+---------+---------+------+
|DSP                  |        -|      -|        -|        -|     -|
|Expression           |        -|      -|        0|     1394|     -|
|FIFO                 |        -|      -|        -|        -|     -|
|Instance             |        -|      -|        -|        -|     -|
|Memory               |        -|      -|        -|        -|     -|
|Multiplexer          |        -|      -|        -|      531|     -|
|Register             |        -|      -|      640|        -|     -|
+---------------------+---------+-------+---------+---------+------+
|Total                |        0|      0|      640|     1925|     0|
+---------------------+---------+-------+---------+---------+------+
|Available SLR        |     1344|   3072|   864000|   432000|   320|
+---------------------+---------+-------+---------+---------+------+
|Utilization SLR (%)  |        0|      0|    ~0   |    ~0   |     0|
+---------------------+---------+-------+---------+---------+------+
|Available            |     5376|  12288|  3456000|  1728000|  1280|
+---------------------+---------+-------+---------+---------+------+
|Utilization (%)      |        0|      0|    ~0   |    ~0   |     0|
+---------------------+---------+-------+---------+---------+------+

+ Detail: 
    * Instance: 
    N/A

    * DSP48E: 
    N/A

    * Memory: 
    N/A

    * FIFO: 
    N/A

    * Expression: 
    +---------------------------+----------+-------+---+----+------------+------------+
    |       Variable Name       | Operation| DSP48E| FF| LUT| Bitwidth P0| Bitwidth P1|
    +---------------------------+----------+-------+---+----+------------+------------+
    |icmp_ln1494_10_fu_672_p2   |   icmp   |      0|  0|  13|          12|           1|
    |icmp_ln1494_11_fu_690_p2   |   icmp   |      0|  0|  13|          12|           1|
    |icmp_ln1494_12_fu_708_p2   |   icmp   |      0|  0|  13|          12|           1|
    |icmp_ln1494_13_fu_726_p2   |   icmp   |      0|  0|  13|          12|           1|
    |icmp_ln1494_14_fu_744_p2   |   icmp   |      0|  0|  13|          12|           1|
    |icmp_ln1494_15_fu_762_p2   |   icmp   |      0|  0|  13|          12|           1|
    |icmp_ln1494_16_fu_780_p2   |   icmp   |      0|  0|  13|          12|           1|
    |icmp_ln1494_17_fu_798_p2   |   icmp   |      0|  0|  13|          12|           1|
    |icmp_ln1494_18_fu_816_p2   |   icmp   |      0|  0|  13|          12|           1|
    |icmp_ln1494_19_fu_834_p2   |   icmp   |      0|  0|  13|          12|           1|
    |icmp_ln1494_1_fu_510_p2    |   icmp   |      0|  0|  13|          12|           1|
    |icmp_ln1494_20_fu_852_p2   |   icmp   |      0|  0|  13|          12|           1|
    |icmp_ln1494_21_fu_870_p2   |   icmp   |      0|  0|  13|          12|           1|
    |icmp_ln1494_22_fu_888_p2   |   icmp   |      0|  0|  13|          12|           1|
    |icmp_ln1494_23_fu_906_p2   |   icmp   |      0|  0|  13|          12|           1|
    |icmp_ln1494_24_fu_924_p2   |   icmp   |      0|  0|  13|          12|           1|
    |icmp_ln1494_25_fu_942_p2   |   icmp   |      0|  0|  13|          12|           1|
    |icmp_ln1494_26_fu_960_p2   |   icmp   |      0|  0|  13|          12|           1|
    |icmp_ln1494_27_fu_978_p2   |   icmp   |      0|  0|  13|          12|           1|
    |icmp_ln1494_28_fu_996_p2   |   icmp   |      0|  0|  13|          12|           1|
    |icmp_ln1494_29_fu_1014_p2  |   icmp   |      0|  0|  13|          12|           1|
    |icmp_ln1494_2_fu_528_p2    |   icmp   |      0|  0|  13|          12|           1|
    |icmp_ln1494_30_fu_1032_p2  |   icmp   |      0|  0|  13|          12|           1|
    |icmp_ln1494_31_fu_1050_p2  |   icmp   |      0|  0|  13|          12|           1|
    |icmp_ln1494_32_fu_1068_p2  |   icmp   |      0|  0|  13|          12|           1|
    |icmp_ln1494_33_fu_1086_p2  |   icmp   |      0|  0|  13|          12|           1|
    |icmp_ln1494_34_fu_1104_p2  |   icmp   |      0|  0|  13|          12|           1|
    |icmp_ln1494_35_fu_1122_p2  |   icmp   |      0|  0|  13|          12|           1|
    |icmp_ln1494_36_fu_1140_p2  |   icmp   |      0|  0|  13|          12|           1|
    |icmp_ln1494_37_fu_1158_p2  |   icmp   |      0|  0|  13|          12|           1|
    |icmp_ln1494_38_fu_1176_p2  |   icmp   |      0|  0|  13|          12|           1|
    |icmp_ln1494_39_fu_1194_p2  |   icmp   |      0|  0|  13|          12|           1|
    |icmp_ln1494_3_fu_546_p2    |   icmp   |      0|  0|  13|          12|           1|
    |icmp_ln1494_40_fu_1212_p2  |   icmp   |      0|  0|  13|          12|           1|
    |icmp_ln1494_41_fu_1230_p2  |   icmp   |      0|  0|  13|          12|           1|
    |icmp_ln1494_42_fu_1248_p2  |   icmp   |      0|  0|  13|          12|           1|
    |icmp_ln1494_43_fu_1266_p2  |   icmp   |      0|  0|  13|          12|           1|
    |icmp_ln1494_44_fu_1284_p2  |   icmp   |      0|  0|  13|          12|           1|
    |icmp_ln1494_45_fu_1302_p2  |   icmp   |      0|  0|  13|          12|           1|
    |icmp_ln1494_46_fu_1320_p2  |   icmp   |      0|  0|  13|          12|           1|
    |icmp_ln1494_47_fu_1338_p2  |   icmp   |      0|  0|  13|          12|           1|
    |icmp_ln1494_48_fu_1356_p2  |   icmp   |      0|  0|  13|          12|           1|
    |icmp_ln1494_49_fu_1374_p2  |   icmp   |      0|  0|  13|          12|           1|
    |icmp_ln1494_4_fu_564_p2    |   icmp   |      0|  0|  13|          12|           1|
    |icmp_ln1494_50_fu_1392_p2  |   icmp   |      0|  0|  13|          12|           1|
    |icmp_ln1494_51_fu_1410_p2  |   icmp   |      0|  0|  13|          12|           1|
    |icmp_ln1494_52_fu_1428_p2  |   icmp   |      0|  0|  13|          12|           1|
    |icmp_ln1494_53_fu_1446_p2  |   icmp   |      0|  0|  13|          12|           1|
    |icmp_ln1494_54_fu_1464_p2  |   icmp   |      0|  0|  13|          12|           1|
    |icmp_ln1494_55_fu_1482_p2  |   icmp   |      0|  0|  13|          12|           1|
    |icmp_ln1494_56_fu_1500_p2  |   icmp   |      0|  0|  13|          12|           1|
    |icmp_ln1494_57_fu_1518_p2  |   icmp   |      0|  0|  13|          12|           1|
    |icmp_ln1494_5_fu_582_p2    |   icmp   |      0|  0|  13|          12|           1|
    |icmp_ln1494_6_fu_600_p2    |   icmp   |      0|  0|  13|          12|           1|
    |icmp_ln1494_7_fu_618_p2    |   icmp   |      0|  0|  13|          12|           1|
    |icmp_ln1494_8_fu_636_p2    |   icmp   |      0|  0|  13|          12|           1|
    |icmp_ln1494_9_fu_654_p2    |   icmp   |      0|  0|  13|          12|           1|
    |icmp_ln1494_fu_492_p2      |   icmp   |      0|  0|  13|          12|           1|
    |ap_block_state1            |    or    |      0|  0|   2|           1|           1|
    |select_ln81_10_fu_678_p3   |  select  |      0|  0|  11|           1|          11|
    |select_ln81_11_fu_696_p3   |  select  |      0|  0|  11|           1|          11|
    |select_ln81_12_fu_714_p3   |  select  |      0|  0|  11|           1|          11|
    |select_ln81_13_fu_732_p3   |  select  |      0|  0|  11|           1|          11|
    |select_ln81_14_fu_750_p3   |  select  |      0|  0|  11|           1|          11|
    |select_ln81_15_fu_768_p3   |  select  |      0|  0|  11|           1|          11|
    |select_ln81_16_fu_786_p3   |  select  |      0|  0|  11|           1|          11|
    |select_ln81_17_fu_804_p3   |  select  |      0|  0|  11|           1|          11|
    |select_ln81_18_fu_822_p3   |  select  |      0|  0|  11|           1|          11|
    |select_ln81_19_fu_840_p3   |  select  |      0|  0|  11|           1|          11|
    |select_ln81_1_fu_516_p3    |  select  |      0|  0|  11|           1|          11|
    |select_ln81_20_fu_858_p3   |  select  |      0|  0|  11|           1|          11|
    |select_ln81_21_fu_876_p3   |  select  |      0|  0|  11|           1|          11|
    |select_ln81_22_fu_894_p3   |  select  |      0|  0|  11|           1|          11|
    |select_ln81_23_fu_912_p3   |  select  |      0|  0|  11|           1|          11|
    |select_ln81_24_fu_930_p3   |  select  |      0|  0|  11|           1|          11|
    |select_ln81_25_fu_948_p3   |  select  |      0|  0|  11|           1|          11|
    |select_ln81_26_fu_966_p3   |  select  |      0|  0|  11|           1|          11|
    |select_ln81_27_fu_984_p3   |  select  |      0|  0|  11|           1|          11|
    |select_ln81_28_fu_1002_p3  |  select  |      0|  0|  11|           1|          11|
    |select_ln81_29_fu_1020_p3  |  select  |      0|  0|  11|           1|          11|
    |select_ln81_2_fu_534_p3    |  select  |      0|  0|  11|           1|          11|
    |select_ln81_30_fu_1038_p3  |  select  |      0|  0|  11|           1|          11|
    |select_ln81_31_fu_1056_p3  |  select  |      0|  0|  11|           1|          11|
    |select_ln81_32_fu_1074_p3  |  select  |      0|  0|  11|           1|          11|
    |select_ln81_33_fu_1092_p3  |  select  |      0|  0|  11|           1|          11|
    |select_ln81_34_fu_1110_p3  |  select  |      0|  0|  11|           1|          11|
    |select_ln81_35_fu_1128_p3  |  select  |      0|  0|  11|           1|          11|
    |select_ln81_36_fu_1146_p3  |  select  |      0|  0|  11|           1|          11|
    |select_ln81_37_fu_1164_p3  |  select  |      0|  0|  11|           1|          11|
    |select_ln81_38_fu_1182_p3  |  select  |      0|  0|  11|           1|          11|
    |select_ln81_39_fu_1200_p3  |  select  |      0|  0|  11|           1|          11|
    |select_ln81_3_fu_552_p3    |  select  |      0|  0|  11|           1|          11|
    |select_ln81_40_fu_1218_p3  |  select  |      0|  0|  11|           1|          11|
    |select_ln81_41_fu_1236_p3  |  select  |      0|  0|  11|           1|          11|
    |select_ln81_42_fu_1254_p3  |  select  |      0|  0|  11|           1|          11|
    |select_ln81_43_fu_1272_p3  |  select  |      0|  0|  11|           1|          11|
    |select_ln81_44_fu_1290_p3  |  select  |      0|  0|  11|           1|          11|
    |select_ln81_45_fu_1308_p3  |  select  |      0|  0|  11|           1|          11|
    |select_ln81_46_fu_1326_p3  |  select  |      0|  0|  11|           1|          11|
    |select_ln81_47_fu_1344_p3  |  select  |      0|  0|  11|           1|          11|
    |select_ln81_48_fu_1362_p3  |  select  |      0|  0|  11|           1|          11|
    |select_ln81_49_fu_1380_p3  |  select  |      0|  0|  11|           1|          11|
    |select_ln81_4_fu_570_p3    |  select  |      0|  0|  11|           1|          11|
    |select_ln81_50_fu_1398_p3  |  select  |      0|  0|  11|           1|          11|
    |select_ln81_51_fu_1416_p3  |  select  |      0|  0|  11|           1|          11|
    |select_ln81_52_fu_1434_p3  |  select  |      0|  0|  11|           1|          11|
    |select_ln81_53_fu_1452_p3  |  select  |      0|  0|  11|           1|          11|
    |select_ln81_54_fu_1470_p3  |  select  |      0|  0|  11|           1|          11|
    |select_ln81_55_fu_1488_p3  |  select  |      0|  0|  11|           1|          11|
    |select_ln81_56_fu_1506_p3  |  select  |      0|  0|  11|           1|          11|
    |select_ln81_57_fu_1524_p3  |  select  |      0|  0|  11|           1|          11|
    |select_ln81_5_fu_588_p3    |  select  |      0|  0|  11|           1|          11|
    |select_ln81_6_fu_606_p3    |  select  |      0|  0|  11|           1|          11|
    |select_ln81_7_fu_624_p3    |  select  |      0|  0|  11|           1|          11|
    |select_ln81_8_fu_642_p3    |  select  |      0|  0|  11|           1|          11|
    |select_ln81_9_fu_660_p3    |  select  |      0|  0|  11|           1|          11|
    |select_ln81_fu_498_p3      |  select  |      0|  0|  11|           1|          11|
    +---------------------------+----------+-------+---+----+------------+------------+
    |Total                      |          |      0|  0|1394|         755|         697|
    +---------------------------+----------+-------+---+----+------------+------------+

    * Multiplexer: 
    +--------------+----+-----------+-----+-----------+
    |     Name     | LUT| Input Size| Bits| Total Bits|
    +--------------+----+-----------+-----+-----------+
    |ap_done       |   9|          2|    1|          2|
    |ap_return_0   |   9|          2|   11|         22|
    |ap_return_1   |   9|          2|   11|         22|
    |ap_return_10  |   9|          2|   11|         22|
    |ap_return_11  |   9|          2|   11|         22|
    |ap_return_12  |   9|          2|   11|         22|
    |ap_return_13  |   9|          2|   11|         22|
    |ap_return_14  |   9|          2|   11|         22|
    |ap_return_15  |   9|          2|   11|         22|
    |ap_return_16  |   9|          2|   11|         22|
    |ap_return_17  |   9|          2|   11|         22|
    |ap_return_18  |   9|          2|   11|         22|
    |ap_return_19  |   9|          2|   11|         22|
    |ap_return_2   |   9|          2|   11|         22|
    |ap_return_20  |   9|          2|   11|         22|
    |ap_return_21  |   9|          2|   11|         22|
    |ap_return_22  |   9|          2|   11|         22|
    |ap_return_23  |   9|          2|   11|         22|
    |ap_return_24  |   9|          2|   11|         22|
    |ap_return_25  |   9|          2|   11|         22|
    |ap_return_26  |   9|          2|   11|         22|
    |ap_return_27  |   9|          2|   11|         22|
    |ap_return_28  |   9|          2|   11|         22|
    |ap_return_29  |   9|          2|   11|         22|
    |ap_return_3   |   9|          2|   11|         22|
    |ap_return_30  |   9|          2|   11|         22|
    |ap_return_31  |   9|          2|   11|         22|
    |ap_return_32  |   9|          2|   11|         22|
    |ap_return_33  |   9|          2|   11|         22|
    |ap_return_34  |   9|          2|   11|         22|
    |ap_return_35  |   9|          2|   11|         22|
    |ap_return_36  |   9|          2|   11|         22|
    |ap_return_37  |   9|          2|   11|         22|
    |ap_return_38  |   9|          2|   11|         22|
    |ap_return_39  |   9|          2|   11|         22|
    |ap_return_4   |   9|          2|   11|         22|
    |ap_return_40  |   9|          2|   11|         22|
    |ap_return_41  |   9|          2|   11|         22|
    |ap_return_42  |   9|          2|   11|         22|
    |ap_return_43  |   9|          2|   11|         22|
    |ap_return_44  |   9|          2|   11|         22|
    |ap_return_45  |   9|          2|   11|         22|
    |ap_return_46  |   9|          2|   11|         22|
    |ap_return_47  |   9|          2|   11|         22|
    |ap_return_48  |   9|          2|   11|         22|
    |ap_return_49  |   9|          2|   11|         22|
    |ap_return_5   |   9|          2|   11|         22|
    |ap_return_50  |   9|          2|   11|         22|
    |ap_return_51  |   9|          2|   11|         22|
    |ap_return_52  |   9|          2|   11|         22|
    |ap_return_53  |   9|          2|   11|         22|
    |ap_return_54  |   9|          2|   11|         22|
    |ap_return_55  |   9|          2|   11|         22|
    |ap_return_56  |   9|          2|   11|         22|
    |ap_return_57  |   9|          2|   11|         22|
    |ap_return_6   |   9|          2|   11|         22|
    |ap_return_7   |   9|          2|   11|         22|
    |ap_return_8   |   9|          2|   11|         22|
    |ap_return_9   |   9|          2|   11|         22|
    +--------------+----+-----------+-----+-----------+
    |Total         | 531|        118|  639|       1278|
    +--------------+----+-----------+-----+-----------+

    * Register: 
    +-------------------+----+----+-----+-----------+
    |        Name       | FF | LUT| Bits| Const Bits|
    +-------------------+----+----+-----+-----------+
    |ap_CS_fsm          |   1|   0|    1|          0|
    |ap_done_reg        |   1|   0|    1|          0|
    |ap_return_0_preg   |  11|   0|   11|          0|
    |ap_return_10_preg  |  11|   0|   11|          0|
    |ap_return_11_preg  |  11|   0|   11|          0|
    |ap_return_12_preg  |  11|   0|   11|          0|
    |ap_return_13_preg  |  11|   0|   11|          0|
    |ap_return_14_preg  |  11|   0|   11|          0|
    |ap_return_15_preg  |  11|   0|   11|          0|
    |ap_return_16_preg  |  11|   0|   11|          0|
    |ap_return_17_preg  |  11|   0|   11|          0|
    |ap_return_18_preg  |  11|   0|   11|          0|
    |ap_return_19_preg  |  11|   0|   11|          0|
    |ap_return_1_preg   |  11|   0|   11|          0|
    |ap_return_20_preg  |  11|   0|   11|          0|
    |ap_return_21_preg  |  11|   0|   11|          0|
    |ap_return_22_preg  |  11|   0|   11|          0|
    |ap_return_23_preg  |  11|   0|   11|          0|
    |ap_return_24_preg  |  11|   0|   11|          0|
    |ap_return_25_preg  |  11|   0|   11|          0|
    |ap_return_26_preg  |  11|   0|   11|          0|
    |ap_return_27_preg  |  11|   0|   11|          0|
    |ap_return_28_preg  |  11|   0|   11|          0|
    |ap_return_29_preg  |  11|   0|   11|          0|
    |ap_return_2_preg   |  11|   0|   11|          0|
    |ap_return_30_preg  |  11|   0|   11|          0|
    |ap_return_31_preg  |  11|   0|   11|          0|
    |ap_return_32_preg  |  11|   0|   11|          0|
    |ap_return_33_preg  |  11|   0|   11|          0|
    |ap_return_34_preg  |  11|   0|   11|          0|
    |ap_return_35_preg  |  11|   0|   11|          0|
    |ap_return_36_preg  |  11|   0|   11|          0|
    |ap_return_37_preg  |  11|   0|   11|          0|
    |ap_return_38_preg  |  11|   0|   11|          0|
    |ap_return_39_preg  |  11|   0|   11|          0|
    |ap_return_3_preg   |  11|   0|   11|          0|
    |ap_return_40_preg  |  11|   0|   11|          0|
    |ap_return_41_preg  |  11|   0|   11|          0|
    |ap_return_42_preg  |  11|   0|   11|          0|
    |ap_return_43_preg  |  11|   0|   11|          0|
    |ap_return_44_preg  |  11|   0|   11|          0|
    |ap_return_45_preg  |  11|   0|   11|          0|
    |ap_return_46_preg  |  11|   0|   11|          0|
    |ap_return_47_preg  |  11|   0|   11|          0|
    |ap_return_48_preg  |  11|   0|   11|          0|
    |ap_return_49_preg  |  11|   0|   11|          0|
    |ap_return_4_preg   |  11|   0|   11|          0|
    |ap_return_50_preg  |  11|   0|   11|          0|
    |ap_return_51_preg  |  11|   0|   11|          0|
    |ap_return_52_preg  |  11|   0|   11|          0|
    |ap_return_53_preg  |  11|   0|   11|          0|
    |ap_return_54_preg  |  11|   0|   11|          0|
    |ap_return_55_preg  |  11|   0|   11|          0|
    |ap_return_56_preg  |  11|   0|   11|          0|
    |ap_return_57_preg  |  11|   0|   11|          0|
    |ap_return_5_preg   |  11|   0|   11|          0|
    |ap_return_6_preg   |  11|   0|   11|          0|
    |ap_return_7_preg   |  11|   0|   11|          0|
    |ap_return_8_preg   |  11|   0|   11|          0|
    |ap_return_9_preg   |  11|   0|   11|          0|
    +-------------------+----+----+-----+-----------+
    |Total              | 640|   0|  640|          0|
    +-------------------+----+----+-----+-----------+



================================================================
== Interface
================================================================
* Summary: 
+----------------+-----+-----+------------+----------------+--------------+
|    RTL Ports   | Dir | Bits|  Protocol  |  Source Object |    C Type    |
+----------------+-----+-----+------------+----------------+--------------+
|ap_clk          |  in |    1| ap_ctrl_hs |      relu      | return value |
|ap_rst          |  in |    1| ap_ctrl_hs |      relu      | return value |
|ap_start        |  in |    1| ap_ctrl_hs |      relu      | return value |
|ap_done         | out |    1| ap_ctrl_hs |      relu      | return value |
|ap_continue     |  in |    1| ap_ctrl_hs |      relu      | return value |
|ap_idle         | out |    1| ap_ctrl_hs |      relu      | return value |
|ap_ready        | out |    1| ap_ctrl_hs |      relu      | return value |
|ap_return_0     | out |   11| ap_ctrl_hs |      relu      | return value |
|ap_return_1     | out |   11| ap_ctrl_hs |      relu      | return value |
|ap_return_2     | out |   11| ap_ctrl_hs |      relu      | return value |
|ap_return_3     | out |   11| ap_ctrl_hs |      relu      | return value |
|ap_return_4     | out |   11| ap_ctrl_hs |      relu      | return value |
|ap_return_5     | out |   11| ap_ctrl_hs |      relu      | return value |
|ap_return_6     | out |   11| ap_ctrl_hs |      relu      | return value |
|ap_return_7     | out |   11| ap_ctrl_hs |      relu      | return value |
|ap_return_8     | out |   11| ap_ctrl_hs |      relu      | return value |
|ap_return_9     | out |   11| ap_ctrl_hs |      relu      | return value |
|ap_return_10    | out |   11| ap_ctrl_hs |      relu      | return value |
|ap_return_11    | out |   11| ap_ctrl_hs |      relu      | return value |
|ap_return_12    | out |   11| ap_ctrl_hs |      relu      | return value |
|ap_return_13    | out |   11| ap_ctrl_hs |      relu      | return value |
|ap_return_14    | out |   11| ap_ctrl_hs |      relu      | return value |
|ap_return_15    | out |   11| ap_ctrl_hs |      relu      | return value |
|ap_return_16    | out |   11| ap_ctrl_hs |      relu      | return value |
|ap_return_17    | out |   11| ap_ctrl_hs |      relu      | return value |
|ap_return_18    | out |   11| ap_ctrl_hs |      relu      | return value |
|ap_return_19    | out |   11| ap_ctrl_hs |      relu      | return value |
|ap_return_20    | out |   11| ap_ctrl_hs |      relu      | return value |
|ap_return_21    | out |   11| ap_ctrl_hs |      relu      | return value |
|ap_return_22    | out |   11| ap_ctrl_hs |      relu      | return value |
|ap_return_23    | out |   11| ap_ctrl_hs |      relu      | return value |
|ap_return_24    | out |   11| ap_ctrl_hs |      relu      | return value |
|ap_return_25    | out |   11| ap_ctrl_hs |      relu      | return value |
|ap_return_26    | out |   11| ap_ctrl_hs |      relu      | return value |
|ap_return_27    | out |   11| ap_ctrl_hs |      relu      | return value |
|ap_return_28    | out |   11| ap_ctrl_hs |      relu      | return value |
|ap_return_29    | out |   11| ap_ctrl_hs |      relu      | return value |
|ap_return_30    | out |   11| ap_ctrl_hs |      relu      | return value |
|ap_return_31    | out |   11| ap_ctrl_hs |      relu      | return value |
|ap_return_32    | out |   11| ap_ctrl_hs |      relu      | return value |
|ap_return_33    | out |   11| ap_ctrl_hs |      relu      | return value |
|ap_return_34    | out |   11| ap_ctrl_hs |      relu      | return value |
|ap_return_35    | out |   11| ap_ctrl_hs |      relu      | return value |
|ap_return_36    | out |   11| ap_ctrl_hs |      relu      | return value |
|ap_return_37    | out |   11| ap_ctrl_hs |      relu      | return value |
|ap_return_38    | out |   11| ap_ctrl_hs |      relu      | return value |
|ap_return_39    | out |   11| ap_ctrl_hs |      relu      | return value |
|ap_return_40    | out |   11| ap_ctrl_hs |      relu      | return value |
|ap_return_41    | out |   11| ap_ctrl_hs |      relu      | return value |
|ap_return_42    | out |   11| ap_ctrl_hs |      relu      | return value |
|ap_return_43    | out |   11| ap_ctrl_hs |      relu      | return value |
|ap_return_44    | out |   11| ap_ctrl_hs |      relu      | return value |
|ap_return_45    | out |   11| ap_ctrl_hs |      relu      | return value |
|ap_return_46    | out |   11| ap_ctrl_hs |      relu      | return value |
|ap_return_47    | out |   11| ap_ctrl_hs |      relu      | return value |
|ap_return_48    | out |   11| ap_ctrl_hs |      relu      | return value |
|ap_return_49    | out |   11| ap_ctrl_hs |      relu      | return value |
|ap_return_50    | out |   11| ap_ctrl_hs |      relu      | return value |
|ap_return_51    | out |   11| ap_ctrl_hs |      relu      | return value |
|ap_return_52    | out |   11| ap_ctrl_hs |      relu      | return value |
|ap_return_53    | out |   11| ap_ctrl_hs |      relu      | return value |
|ap_return_54    | out |   11| ap_ctrl_hs |      relu      | return value |
|ap_return_55    | out |   11| ap_ctrl_hs |      relu      | return value |
|ap_return_56    | out |   11| ap_ctrl_hs |      relu      | return value |
|ap_return_57    | out |   11| ap_ctrl_hs |      relu      | return value |
|data_0_V_read   |  in |   12|   ap_none  |  data_0_V_read |    scalar    |
|data_1_V_read   |  in |   12|   ap_none  |  data_1_V_read |    scalar    |
|data_2_V_read   |  in |   12|   ap_none  |  data_2_V_read |    scalar    |
|data_3_V_read   |  in |   12|   ap_none  |  data_3_V_read |    scalar    |
|data_4_V_read   |  in |   12|   ap_none  |  data_4_V_read |    scalar    |
|data_5_V_read   |  in |   12|   ap_none  |  data_5_V_read |    scalar    |
|data_6_V_read   |  in |   12|   ap_none  |  data_6_V_read |    scalar    |
|data_7_V_read   |  in |   12|   ap_none  |  data_7_V_read |    scalar    |
|data_8_V_read   |  in |   12|   ap_none  |  data_8_V_read |    scalar    |
|data_9_V_read   |  in |   12|   ap_none  |  data_9_V_read |    scalar    |
|data_10_V_read  |  in |   12|   ap_none  | data_10_V_read |    scalar    |
|data_11_V_read  |  in |   12|   ap_none  | data_11_V_read |    scalar    |
|data_12_V_read  |  in |   12|   ap_none  | data_12_V_read |    scalar    |
|data_13_V_read  |  in |   12|   ap_none  | data_13_V_read |    scalar    |
|data_14_V_read  |  in |   12|   ap_none  | data_14_V_read |    scalar    |
|data_15_V_read  |  in |   12|   ap_none  | data_15_V_read |    scalar    |
|data_16_V_read  |  in |   12|   ap_none  | data_16_V_read |    scalar    |
|data_17_V_read  |  in |   12|   ap_none  | data_17_V_read |    scalar    |
|data_18_V_read  |  in |   12|   ap_none  | data_18_V_read |    scalar    |
|data_19_V_read  |  in |   12|   ap_none  | data_19_V_read |    scalar    |
|data_20_V_read  |  in |   12|   ap_none  | data_20_V_read |    scalar    |
|data_21_V_read  |  in |   12|   ap_none  | data_21_V_read |    scalar    |
|data_22_V_read  |  in |   12|   ap_none  | data_22_V_read |    scalar    |
|data_23_V_read  |  in |   12|   ap_none  | data_23_V_read |    scalar    |
|data_24_V_read  |  in |   12|   ap_none  | data_24_V_read |    scalar    |
|data_25_V_read  |  in |   12|   ap_none  | data_25_V_read |    scalar    |
|data_26_V_read  |  in |   12|   ap_none  | data_26_V_read |    scalar    |
|data_27_V_read  |  in |   12|   ap_none  | data_27_V_read |    scalar    |
|data_28_V_read  |  in |   12|   ap_none  | data_28_V_read |    scalar    |
|data_29_V_read  |  in |   12|   ap_none  | data_29_V_read |    scalar    |
|data_30_V_read  |  in |   12|   ap_none  | data_30_V_read |    scalar    |
|data_31_V_read  |  in |   12|   ap_none  | data_31_V_read |    scalar    |
|data_32_V_read  |  in |   12|   ap_none  | data_32_V_read |    scalar    |
|data_33_V_read  |  in |   12|   ap_none  | data_33_V_read |    scalar    |
|data_34_V_read  |  in |   12|   ap_none  | data_34_V_read |    scalar    |
|data_35_V_read  |  in |   12|   ap_none  | data_35_V_read |    scalar    |
|data_36_V_read  |  in |   12|   ap_none  | data_36_V_read |    scalar    |
|data_37_V_read  |  in |   12|   ap_none  | data_37_V_read |    scalar    |
|data_38_V_read  |  in |   12|   ap_none  | data_38_V_read |    scalar    |
|data_39_V_read  |  in |   12|   ap_none  | data_39_V_read |    scalar    |
|data_40_V_read  |  in |   12|   ap_none  | data_40_V_read |    scalar    |
|data_41_V_read  |  in |   12|   ap_none  | data_41_V_read |    scalar    |
|data_42_V_read  |  in |   12|   ap_none  | data_42_V_read |    scalar    |
|data_43_V_read  |  in |   12|   ap_none  | data_43_V_read |    scalar    |
|data_44_V_read  |  in |   12|   ap_none  | data_44_V_read |    scalar    |
|data_45_V_read  |  in |   12|   ap_none  | data_45_V_read |    scalar    |
|data_46_V_read  |  in |   12|   ap_none  | data_46_V_read |    scalar    |
|data_47_V_read  |  in |   12|   ap_none  | data_47_V_read |    scalar    |
|data_48_V_read  |  in |   12|   ap_none  | data_48_V_read |    scalar    |
|data_49_V_read  |  in |   12|   ap_none  | data_49_V_read |    scalar    |
|data_50_V_read  |  in |   12|   ap_none  | data_50_V_read |    scalar    |
|data_51_V_read  |  in |   12|   ap_none  | data_51_V_read |    scalar    |
|data_52_V_read  |  in |   12|   ap_none  | data_52_V_read |    scalar    |
|data_53_V_read  |  in |   12|   ap_none  | data_53_V_read |    scalar    |
|data_54_V_read  |  in |   12|   ap_none  | data_54_V_read |    scalar    |
|data_55_V_read  |  in |   12|   ap_none  | data_55_V_read |    scalar    |
|data_56_V_read  |  in |   12|   ap_none  | data_56_V_read |    scalar    |
|data_57_V_read  |  in |   12|   ap_none  | data_57_V_read |    scalar    |
+----------------+-----+-----+------------+----------------+--------------+

