

================================================================
== Vivado HLS Report for 'relu'
================================================================
* Date:           Mon Feb 15 16:26:46 2021

* Version:        2019.2.1 (Build 2724168 on Thu Dec 05 05:19:09 MST 2019)
* Project:        window_prj
* Solution:       solution1
* Product family: virtexuplus
* Target device:  xcu250-figd2104-2L-e


================================================================
== Performance Estimates
================================================================
+ Timing: 
    * Summary: 
    +--------+---------+----------+------------+
    |  Clock |  Target | Estimated| Uncertainty|
    +--------+---------+----------+------------+
    |ap_clk  | 5.00 ns | 0.929 ns |   0.62 ns  |
    +--------+---------+----------+------------+

+ Latency: 
    * Summary: 
    +---------+---------+----------+----------+-----+-----+----------+
    |  Latency (cycles) |  Latency (absolute) |  Interval | Pipeline |
    |   min   |   max   |    min   |    max   | min | max |   Type   |
    +---------+---------+----------+----------+-----+-----+----------+
    |        0|        0|   0 ns   |   0 ns   |    1|    1| function |
    +---------+---------+----------+----------+-----+-----+----------+

    + Detail: 
        * Instance: 
        N/A

        * Loop: 
        N/A



================================================================
== Utilization Estimates
================================================================
* Summary: 
+---------------------+---------+-------+---------+---------+------+
|         Name        | BRAM_18K| DSP48E|    FF   |   LUT   | URAM |
+---------------------+---------+-------+---------+---------+------+
|DSP                  |        -|      -|        -|        -|     -|
|Expression           |        -|      -|        0|      866|     -|
|FIFO                 |        -|      -|        -|        -|     -|
|Instance             |        -|      -|        -|        -|     -|
|Memory               |        -|      -|        -|        -|     -|
|Multiplexer          |        -|      -|        -|      333|     -|
|Register             |        -|      -|      398|        -|     -|
+---------------------+---------+-------+---------+---------+------+
|Total                |        0|      0|      398|     1199|     0|
+---------------------+---------+-------+---------+---------+------+
|Available SLR        |     1344|   3072|   864000|   432000|   320|
+---------------------+---------+-------+---------+---------+------+
|Utilization SLR (%)  |        0|      0|    ~0   |    ~0   |     0|
+---------------------+---------+-------+---------+---------+------+
|Available            |     5376|  12288|  3456000|  1728000|  1280|
+---------------------+---------+-------+---------+---------+------+
|Utilization (%)      |        0|      0|    ~0   |    ~0   |     0|
+---------------------+---------+-------+---------+---------+------+

+ Detail: 
    * Instance: 
    N/A

    * DSP48E: 
    N/A

    * Memory: 
    N/A

    * FIFO: 
    N/A

    * Expression: 
    +--------------------------+----------+-------+---+----+------------+------------+
    |       Variable Name      | Operation| DSP48E| FF| LUT| Bitwidth P0| Bitwidth P1|
    +--------------------------+----------+-------+---+----+------------+------------+
    |icmp_ln1494_10_fu_496_p2  |   icmp   |      0|  0|  13|          12|           1|
    |icmp_ln1494_11_fu_514_p2  |   icmp   |      0|  0|  13|          12|           1|
    |icmp_ln1494_12_fu_532_p2  |   icmp   |      0|  0|  13|          12|           1|
    |icmp_ln1494_13_fu_550_p2  |   icmp   |      0|  0|  13|          12|           1|
    |icmp_ln1494_14_fu_568_p2  |   icmp   |      0|  0|  13|          12|           1|
    |icmp_ln1494_15_fu_586_p2  |   icmp   |      0|  0|  13|          12|           1|
    |icmp_ln1494_16_fu_604_p2  |   icmp   |      0|  0|  13|          12|           1|
    |icmp_ln1494_17_fu_622_p2  |   icmp   |      0|  0|  13|          12|           1|
    |icmp_ln1494_18_fu_640_p2  |   icmp   |      0|  0|  13|          12|           1|
    |icmp_ln1494_19_fu_658_p2  |   icmp   |      0|  0|  13|          12|           1|
    |icmp_ln1494_1_fu_334_p2   |   icmp   |      0|  0|  13|          12|           1|
    |icmp_ln1494_20_fu_676_p2  |   icmp   |      0|  0|  13|          12|           1|
    |icmp_ln1494_21_fu_694_p2  |   icmp   |      0|  0|  13|          12|           1|
    |icmp_ln1494_22_fu_712_p2  |   icmp   |      0|  0|  13|          12|           1|
    |icmp_ln1494_23_fu_730_p2  |   icmp   |      0|  0|  13|          12|           1|
    |icmp_ln1494_24_fu_748_p2  |   icmp   |      0|  0|  13|          12|           1|
    |icmp_ln1494_25_fu_766_p2  |   icmp   |      0|  0|  13|          12|           1|
    |icmp_ln1494_26_fu_784_p2  |   icmp   |      0|  0|  13|          12|           1|
    |icmp_ln1494_27_fu_802_p2  |   icmp   |      0|  0|  13|          12|           1|
    |icmp_ln1494_28_fu_820_p2  |   icmp   |      0|  0|  13|          12|           1|
    |icmp_ln1494_29_fu_838_p2  |   icmp   |      0|  0|  13|          12|           1|
    |icmp_ln1494_2_fu_352_p2   |   icmp   |      0|  0|  13|          12|           1|
    |icmp_ln1494_30_fu_856_p2  |   icmp   |      0|  0|  13|          12|           1|
    |icmp_ln1494_31_fu_874_p2  |   icmp   |      0|  0|  13|          12|           1|
    |icmp_ln1494_32_fu_892_p2  |   icmp   |      0|  0|  13|          12|           1|
    |icmp_ln1494_33_fu_910_p2  |   icmp   |      0|  0|  13|          12|           1|
    |icmp_ln1494_34_fu_928_p2  |   icmp   |      0|  0|  13|          12|           1|
    |icmp_ln1494_35_fu_946_p2  |   icmp   |      0|  0|  13|          12|           1|
    |icmp_ln1494_3_fu_370_p2   |   icmp   |      0|  0|  13|          12|           1|
    |icmp_ln1494_4_fu_388_p2   |   icmp   |      0|  0|  13|          12|           1|
    |icmp_ln1494_5_fu_406_p2   |   icmp   |      0|  0|  13|          12|           1|
    |icmp_ln1494_6_fu_424_p2   |   icmp   |      0|  0|  13|          12|           1|
    |icmp_ln1494_7_fu_442_p2   |   icmp   |      0|  0|  13|          12|           1|
    |icmp_ln1494_8_fu_460_p2   |   icmp   |      0|  0|  13|          12|           1|
    |icmp_ln1494_9_fu_478_p2   |   icmp   |      0|  0|  13|          12|           1|
    |icmp_ln1494_fu_316_p2     |   icmp   |      0|  0|  13|          12|           1|
    |ap_block_state1           |    or    |      0|  0|   2|           1|           1|
    |select_ln81_10_fu_502_p3  |  select  |      0|  0|  11|           1|          11|
    |select_ln81_11_fu_520_p3  |  select  |      0|  0|  11|           1|          11|
    |select_ln81_12_fu_538_p3  |  select  |      0|  0|  11|           1|          11|
    |select_ln81_13_fu_556_p3  |  select  |      0|  0|  11|           1|          11|
    |select_ln81_14_fu_574_p3  |  select  |      0|  0|  11|           1|          11|
    |select_ln81_15_fu_592_p3  |  select  |      0|  0|  11|           1|          11|
    |select_ln81_16_fu_610_p3  |  select  |      0|  0|  11|           1|          11|
    |select_ln81_17_fu_628_p3  |  select  |      0|  0|  11|           1|          11|
    |select_ln81_18_fu_646_p3  |  select  |      0|  0|  11|           1|          11|
    |select_ln81_19_fu_664_p3  |  select  |      0|  0|  11|           1|          11|
    |select_ln81_1_fu_340_p3   |  select  |      0|  0|  11|           1|          11|
    |select_ln81_20_fu_682_p3  |  select  |      0|  0|  11|           1|          11|
    |select_ln81_21_fu_700_p3  |  select  |      0|  0|  11|           1|          11|
    |select_ln81_22_fu_718_p3  |  select  |      0|  0|  11|           1|          11|
    |select_ln81_23_fu_736_p3  |  select  |      0|  0|  11|           1|          11|
    |select_ln81_24_fu_754_p3  |  select  |      0|  0|  11|           1|          11|
    |select_ln81_25_fu_772_p3  |  select  |      0|  0|  11|           1|          11|
    |select_ln81_26_fu_790_p3  |  select  |      0|  0|  11|           1|          11|
    |select_ln81_27_fu_808_p3  |  select  |      0|  0|  11|           1|          11|
    |select_ln81_28_fu_826_p3  |  select  |      0|  0|  11|           1|          11|
    |select_ln81_29_fu_844_p3  |  select  |      0|  0|  11|           1|          11|
    |select_ln81_2_fu_358_p3   |  select  |      0|  0|  11|           1|          11|
    |select_ln81_30_fu_862_p3  |  select  |      0|  0|  11|           1|          11|
    |select_ln81_31_fu_880_p3  |  select  |      0|  0|  11|           1|          11|
    |select_ln81_32_fu_898_p3  |  select  |      0|  0|  11|           1|          11|
    |select_ln81_33_fu_916_p3  |  select  |      0|  0|  11|           1|          11|
    |select_ln81_34_fu_934_p3  |  select  |      0|  0|  11|           1|          11|
    |select_ln81_35_fu_952_p3  |  select  |      0|  0|  11|           1|          11|
    |select_ln81_3_fu_376_p3   |  select  |      0|  0|  11|           1|          11|
    |select_ln81_4_fu_394_p3   |  select  |      0|  0|  11|           1|          11|
    |select_ln81_5_fu_412_p3   |  select  |      0|  0|  11|           1|          11|
    |select_ln81_6_fu_430_p3   |  select  |      0|  0|  11|           1|          11|
    |select_ln81_7_fu_448_p3   |  select  |      0|  0|  11|           1|          11|
    |select_ln81_8_fu_466_p3   |  select  |      0|  0|  11|           1|          11|
    |select_ln81_9_fu_484_p3   |  select  |      0|  0|  11|           1|          11|
    |select_ln81_fu_322_p3     |  select  |      0|  0|  11|           1|          11|
    +--------------------------+----------+-------+---+----+------------+------------+
    |Total                     |          |      0|  0| 866|         469|         433|
    +--------------------------+----------+-------+---+----+------------+------------+

    * Multiplexer: 
    +--------------+----+-----------+-----+-----------+
    |     Name     | LUT| Input Size| Bits| Total Bits|
    +--------------+----+-----------+-----+-----------+
    |ap_done       |   9|          2|    1|          2|
    |ap_return_0   |   9|          2|   11|         22|
    |ap_return_1   |   9|          2|   11|         22|
    |ap_return_10  |   9|          2|   11|         22|
    |ap_return_11  |   9|          2|   11|         22|
    |ap_return_12  |   9|          2|   11|         22|
    |ap_return_13  |   9|          2|   11|         22|
    |ap_return_14  |   9|          2|   11|         22|
    |ap_return_15  |   9|          2|   11|         22|
    |ap_return_16  |   9|          2|   11|         22|
    |ap_return_17  |   9|          2|   11|         22|
    |ap_return_18  |   9|          2|   11|         22|
    |ap_return_19  |   9|          2|   11|         22|
    |ap_return_2   |   9|          2|   11|         22|
    |ap_return_20  |   9|          2|   11|         22|
    |ap_return_21  |   9|          2|   11|         22|
    |ap_return_22  |   9|          2|   11|         22|
    |ap_return_23  |   9|          2|   11|         22|
    |ap_return_24  |   9|          2|   11|         22|
    |ap_return_25  |   9|          2|   11|         22|
    |ap_return_26  |   9|          2|   11|         22|
    |ap_return_27  |   9|          2|   11|         22|
    |ap_return_28  |   9|          2|   11|         22|
    |ap_return_29  |   9|          2|   11|         22|
    |ap_return_3   |   9|          2|   11|         22|
    |ap_return_30  |   9|          2|   11|         22|
    |ap_return_31  |   9|          2|   11|         22|
    |ap_return_32  |   9|          2|   11|         22|
    |ap_return_33  |   9|          2|   11|         22|
    |ap_return_34  |   9|          2|   11|         22|
    |ap_return_35  |   9|          2|   11|         22|
    |ap_return_4   |   9|          2|   11|         22|
    |ap_return_5   |   9|          2|   11|         22|
    |ap_return_6   |   9|          2|   11|         22|
    |ap_return_7   |   9|          2|   11|         22|
    |ap_return_8   |   9|          2|   11|         22|
    |ap_return_9   |   9|          2|   11|         22|
    +--------------+----+-----------+-----+-----------+
    |Total         | 333|         74|  397|        794|
    +--------------+----+-----------+-----+-----------+

    * Register: 
    +-------------------+----+----+-----+-----------+
    |        Name       | FF | LUT| Bits| Const Bits|
    +-------------------+----+----+-----+-----------+
    |ap_CS_fsm          |   1|   0|    1|          0|
    |ap_done_reg        |   1|   0|    1|          0|
    |ap_return_0_preg   |  11|   0|   11|          0|
    |ap_return_10_preg  |  11|   0|   11|          0|
    |ap_return_11_preg  |  11|   0|   11|          0|
    |ap_return_12_preg  |  11|   0|   11|          0|
    |ap_return_13_preg  |  11|   0|   11|          0|
    |ap_return_14_preg  |  11|   0|   11|          0|
    |ap_return_15_preg  |  11|   0|   11|          0|
    |ap_return_16_preg  |  11|   0|   11|          0|
    |ap_return_17_preg  |  11|   0|   11|          0|
    |ap_return_18_preg  |  11|   0|   11|          0|
    |ap_return_19_preg  |  11|   0|   11|          0|
    |ap_return_1_preg   |  11|   0|   11|          0|
    |ap_return_20_preg  |  11|   0|   11|          0|
    |ap_return_21_preg  |  11|   0|   11|          0|
    |ap_return_22_preg  |  11|   0|   11|          0|
    |ap_return_23_preg  |  11|   0|   11|          0|
    |ap_return_24_preg  |  11|   0|   11|          0|
    |ap_return_25_preg  |  11|   0|   11|          0|
    |ap_return_26_preg  |  11|   0|   11|          0|
    |ap_return_27_preg  |  11|   0|   11|          0|
    |ap_return_28_preg  |  11|   0|   11|          0|
    |ap_return_29_preg  |  11|   0|   11|          0|
    |ap_return_2_preg   |  11|   0|   11|          0|
    |ap_return_30_preg  |  11|   0|   11|          0|
    |ap_return_31_preg  |  11|   0|   11|          0|
    |ap_return_32_preg  |  11|   0|   11|          0|
    |ap_return_33_preg  |  11|   0|   11|          0|
    |ap_return_34_preg  |  11|   0|   11|          0|
    |ap_return_35_preg  |  11|   0|   11|          0|
    |ap_return_3_preg   |  11|   0|   11|          0|
    |ap_return_4_preg   |  11|   0|   11|          0|
    |ap_return_5_preg   |  11|   0|   11|          0|
    |ap_return_6_preg   |  11|   0|   11|          0|
    |ap_return_7_preg   |  11|   0|   11|          0|
    |ap_return_8_preg   |  11|   0|   11|          0|
    |ap_return_9_preg   |  11|   0|   11|          0|
    +-------------------+----+----+-----+-----------+
    |Total              | 398|   0|  398|          0|
    +-------------------+----+----+-----+-----------+



================================================================
== Interface
================================================================
* Summary: 
+----------------+-----+-----+------------+----------------+--------------+
|    RTL Ports   | Dir | Bits|  Protocol  |  Source Object |    C Type    |
+----------------+-----+-----+------------+----------------+--------------+
|ap_clk          |  in |    1| ap_ctrl_hs |      relu      | return value |
|ap_rst          |  in |    1| ap_ctrl_hs |      relu      | return value |
|ap_start        |  in |    1| ap_ctrl_hs |      relu      | return value |
|ap_done         | out |    1| ap_ctrl_hs |      relu      | return value |
|ap_continue     |  in |    1| ap_ctrl_hs |      relu      | return value |
|ap_idle         | out |    1| ap_ctrl_hs |      relu      | return value |
|ap_ready        | out |    1| ap_ctrl_hs |      relu      | return value |
|ap_return_0     | out |   11| ap_ctrl_hs |      relu      | return value |
|ap_return_1     | out |   11| ap_ctrl_hs |      relu      | return value |
|ap_return_2     | out |   11| ap_ctrl_hs |      relu      | return value |
|ap_return_3     | out |   11| ap_ctrl_hs |      relu      | return value |
|ap_return_4     | out |   11| ap_ctrl_hs |      relu      | return value |
|ap_return_5     | out |   11| ap_ctrl_hs |      relu      | return value |
|ap_return_6     | out |   11| ap_ctrl_hs |      relu      | return value |
|ap_return_7     | out |   11| ap_ctrl_hs |      relu      | return value |
|ap_return_8     | out |   11| ap_ctrl_hs |      relu      | return value |
|ap_return_9     | out |   11| ap_ctrl_hs |      relu      | return value |
|ap_return_10    | out |   11| ap_ctrl_hs |      relu      | return value |
|ap_return_11    | out |   11| ap_ctrl_hs |      relu      | return value |
|ap_return_12    | out |   11| ap_ctrl_hs |      relu      | return value |
|ap_return_13    | out |   11| ap_ctrl_hs |      relu      | return value |
|ap_return_14    | out |   11| ap_ctrl_hs |      relu      | return value |
|ap_return_15    | out |   11| ap_ctrl_hs |      relu      | return value |
|ap_return_16    | out |   11| ap_ctrl_hs |      relu      | return value |
|ap_return_17    | out |   11| ap_ctrl_hs |      relu      | return value |
|ap_return_18    | out |   11| ap_ctrl_hs |      relu      | return value |
|ap_return_19    | out |   11| ap_ctrl_hs |      relu      | return value |
|ap_return_20    | out |   11| ap_ctrl_hs |      relu      | return value |
|ap_return_21    | out |   11| ap_ctrl_hs |      relu      | return value |
|ap_return_22    | out |   11| ap_ctrl_hs |      relu      | return value |
|ap_return_23    | out |   11| ap_ctrl_hs |      relu      | return value |
|ap_return_24    | out |   11| ap_ctrl_hs |      relu      | return value |
|ap_return_25    | out |   11| ap_ctrl_hs |      relu      | return value |
|ap_return_26    | out |   11| ap_ctrl_hs |      relu      | return value |
|ap_return_27    | out |   11| ap_ctrl_hs |      relu      | return value |
|ap_return_28    | out |   11| ap_ctrl_hs |      relu      | return value |
|ap_return_29    | out |   11| ap_ctrl_hs |      relu      | return value |
|ap_return_30    | out |   11| ap_ctrl_hs |      relu      | return value |
|ap_return_31    | out |   11| ap_ctrl_hs |      relu      | return value |
|ap_return_32    | out |   11| ap_ctrl_hs |      relu      | return value |
|ap_return_33    | out |   11| ap_ctrl_hs |      relu      | return value |
|ap_return_34    | out |   11| ap_ctrl_hs |      relu      | return value |
|ap_return_35    | out |   11| ap_ctrl_hs |      relu      | return value |
|data_0_V_read   |  in |   12|   ap_none  |  data_0_V_read |    scalar    |
|data_1_V_read   |  in |   12|   ap_none  |  data_1_V_read |    scalar    |
|data_2_V_read   |  in |   12|   ap_none  |  data_2_V_read |    scalar    |
|data_3_V_read   |  in |   12|   ap_none  |  data_3_V_read |    scalar    |
|data_4_V_read   |  in |   12|   ap_none  |  data_4_V_read |    scalar    |
|data_5_V_read   |  in |   12|   ap_none  |  data_5_V_read |    scalar    |
|data_6_V_read   |  in |   12|   ap_none  |  data_6_V_read |    scalar    |
|data_7_V_read   |  in |   12|   ap_none  |  data_7_V_read |    scalar    |
|data_8_V_read   |  in |   12|   ap_none  |  data_8_V_read |    scalar    |
|data_9_V_read   |  in |   12|   ap_none  |  data_9_V_read |    scalar    |
|data_10_V_read  |  in |   12|   ap_none  | data_10_V_read |    scalar    |
|data_11_V_read  |  in |   12|   ap_none  | data_11_V_read |    scalar    |
|data_12_V_read  |  in |   12|   ap_none  | data_12_V_read |    scalar    |
|data_13_V_read  |  in |   12|   ap_none  | data_13_V_read |    scalar    |
|data_14_V_read  |  in |   12|   ap_none  | data_14_V_read |    scalar    |
|data_15_V_read  |  in |   12|   ap_none  | data_15_V_read |    scalar    |
|data_16_V_read  |  in |   12|   ap_none  | data_16_V_read |    scalar    |
|data_17_V_read  |  in |   12|   ap_none  | data_17_V_read |    scalar    |
|data_18_V_read  |  in |   12|   ap_none  | data_18_V_read |    scalar    |
|data_19_V_read  |  in |   12|   ap_none  | data_19_V_read |    scalar    |
|data_20_V_read  |  in |   12|   ap_none  | data_20_V_read |    scalar    |
|data_21_V_read  |  in |   12|   ap_none  | data_21_V_read |    scalar    |
|data_22_V_read  |  in |   12|   ap_none  | data_22_V_read |    scalar    |
|data_23_V_read  |  in |   12|   ap_none  | data_23_V_read |    scalar    |
|data_24_V_read  |  in |   12|   ap_none  | data_24_V_read |    scalar    |
|data_25_V_read  |  in |   12|   ap_none  | data_25_V_read |    scalar    |
|data_26_V_read  |  in |   12|   ap_none  | data_26_V_read |    scalar    |
|data_27_V_read  |  in |   12|   ap_none  | data_27_V_read |    scalar    |
|data_28_V_read  |  in |   12|   ap_none  | data_28_V_read |    scalar    |
|data_29_V_read  |  in |   12|   ap_none  | data_29_V_read |    scalar    |
|data_30_V_read  |  in |   12|   ap_none  | data_30_V_read |    scalar    |
|data_31_V_read  |  in |   12|   ap_none  | data_31_V_read |    scalar    |
|data_32_V_read  |  in |   12|   ap_none  | data_32_V_read |    scalar    |
|data_33_V_read  |  in |   12|   ap_none  | data_33_V_read |    scalar    |
|data_34_V_read  |  in |   12|   ap_none  | data_34_V_read |    scalar    |
|data_35_V_read  |  in |   12|   ap_none  | data_35_V_read |    scalar    |
+----------------+-----+-----+------------+----------------+--------------+

